<?xml version="1.0" encoding="UTF-8"?>
<!-- Generated by org.testng.reporters.JUnitReportReporter -->
<testsuite hostname="LAPTOP-5KMFOFH9" failures="0" tests="1" name="httpBasicRequest.GETWithoutBDD" time="3.451" errors="0" timestamp="2024-07-24T21:26:11 IST" skipped="0">
  <testcase classname="httpBasicRequest.GETWithoutBDD" name="getAllUsers" time="3.451"/>
  <system-out/>
</testsuite> <!-- httpBasicRequest.GETWithoutBDD -->
