<?xml version="1.0" encoding="UTF-8"?>
<!-- Generated by org.testng.reporters.JUnitReportReporter -->
<testsuite hostname="LAPTOP-5KMFOFH9" failures="0" tests="1" name="mobileElementsScenarios.ScrollGesture" time="22.792" errors="0" timestamp="2024-08-02T22:14:57 IST" skipped="0">
  <testcase classname="mobileElementsScenarios.ScrollGesture" name="scrollTest" time="22.792"/>
  <system-out/>
</testsuite> <!-- mobileElementsScenarios.ScrollGesture -->
