<?xml version="1.0" encoding="UTF-8"?>
<!-- Generated by org.testng.reporters.JUnitReportReporter -->
<testsuite hostname="LAPTOP-5KMFOFH9" failures="0" tests="1" name="apiScenarios.DataConversion" time="0.380" errors="0" timestamp="2024-07-26T22:29:36 IST" skipped="0">
  <testcase classname="apiScenarios.DataConversion" name="testDeserialization" time="0.380"/>
  <system-out/>
</testsuite> <!-- apiScenarios.DataConversion -->
