<?xml version="1.0" encoding="UTF-8"?>
<!-- Generated by org.testng.reporters.JUnitReportReporter -->
<testsuite hostname="LAPTOP-5KMFOFH9" failures="0" tests="1" name="mobileElementsScenarios.LongClickGesture" time="17.267" errors="0" timestamp="2024-08-02T21:08:02 IST" skipped="0">
  <testcase classname="mobileElementsScenarios.LongClickGesture" name="longclickTest" time="17.267"/>
  <system-out/>
</testsuite> <!-- mobileElementsScenarios.LongClickGesture -->
