<?xml version="1.0" encoding="UTF-8"?>
<!-- Generated by org.testng.reporters.JUnitReportReporter -->
<testsuite hostname="LAPTOP-5KMFOFH9" failures="0" tests="3" name="seleniumGrid.ParallelTest" time="97.349" errors="0" timestamp="2024-07-18T21:06:17 IST" skipped="0">
  <testcase classname="seleniumGrid.ParallelTest" name="crossBrowserTest" time="32.878"/>
  <system-out/>
  <testcase classname="seleniumGrid.ParallelTest" name="crossBrowserTest" time="32.580"/>
  <system-out/>
  <testcase classname="seleniumGrid.ParallelTest" name="crossBrowserTest" time="31.891"/>
  <system-out/>
</testsuite> <!-- seleniumGrid.ParallelTest -->
