<?xml version="1.0" encoding="UTF-8"?>
<!-- Generated by org.testng.reporters.JUnitReportReporter -->
<testsuite hostname="LAPTOP-5KMFOFH9" failures="0" tests="1" name="appiumScenarios.ToggleNetworkSetup" time="25.442" errors="0" timestamp="2024-08-06T21:11:28 IST" skipped="0">
  <testcase classname="appiumScenarios.ToggleNetworkSetup" name="testToggleSetup" time="25.442"/>
  <system-out/>
</testsuite> <!-- appiumScenarios.ToggleNetworkSetup -->
