<?xml version="1.0" encoding="UTF-8"?>
<!-- Generated by org.testng.reporters.JUnitReportReporter -->
<testsuite hostname="LAPTOP-5KMFOFH9" failures="0" tests="1" name="apiScenarios.CookiesValidation" time="4.477" errors="0" timestamp="2024-07-26T22:04:34 IST" skipped="0">
  <testcase classname="apiScenarios.CookiesValidation" name="getSingleCookie" time="4.477"/>
  <system-out/>
</testsuite> <!-- apiScenarios.CookiesValidation -->
