<?xml version="1.0" encoding="UTF-8"?>
<!-- Generated by org.testng.reporters.JUnitReportReporter -->
<testsuite hostname="LAPTOP-5KMFOFH9" failures="0" tests="1" name="mobileElementsScenarios.LocatorsInAppium" time="15.115" errors="0" timestamp="2024-08-01T22:19:01 IST" skipped="0">
  <testcase classname="mobileElementsScenarios.LocatorsInAppium" name="testMobileElements" time="15.115"/>
  <system-out/>
</testsuite> <!-- mobileElementsScenarios.LocatorsInAppium -->
