<?xml version="1.0" encoding="UTF-8"?>
<!-- Generated by org.testng.reporters.JUnitReportReporter -->
<testsuite hostname="LAPTOP-5KMFOFH9" failures="0" tests="1" name="apiScenarios.AuthenticationDemo" time="5.511" errors="0" timestamp="2024-07-30T21:15:01 IST" skipped="0">
  <testcase classname="apiScenarios.AuthenticationDemo" name="auth2Test" time="5.511"/>
  <system-out/>
</testsuite> <!-- apiScenarios.AuthenticationDemo -->
