<?xml version="1.0" encoding="UTF-8"?>
<!-- Generated by org.testng.reporters.JUnitReportReporter -->
<testsuite hostname="LAPTOP-5KMFOFH9" failures="0" tests="1" name="mobileElementsScenarios.LocatorsInAppium" time="27.320" errors="0" timestamp="2024-08-02T20:42:44 IST" skipped="0">
  <testcase classname="mobileElementsScenarios.LocatorsInAppium" name="testMobileElements" time="27.320"/>
  <system-out/>
</testsuite> <!-- mobileElementsScenarios.LocatorsInAppium -->
