<?xml version="1.0" encoding="UTF-8"?>
<!-- Generated by org.testng.reporters.JUnitReportReporter -->
<testsuite hostname="LAPTOP-5KMFOFH9" failures="0" tests="1" name="httpBasicRequest.Get_RequestBDD" time="3.936" errors="0" timestamp="2024-07-24T21:57:02 IST" skipped="0">
  <testcase classname="httpBasicRequest.Get_RequestBDD" name="getListOfUsers" time="3.936"/>
  <system-out/>
</testsuite> <!-- httpBasicRequest.Get_RequestBDD -->
