<?xml version="1.0" encoding="UTF-8"?>
<!-- Generated by org.testng.reporters.JUnitReportReporter -->
<testsuite hostname="LAPTOP-5KMFOFH9" failures="0" tests="1" name="mobileElementsScenarios.AlertsInAppium" time="17.763" errors="0" timestamp="2024-08-02T22:07:28 IST" skipped="0">
  <testcase classname="mobileElementsScenarios.AlertsInAppium" name="testAlert" time="17.763"/>
  <system-out/>
</testsuite> <!-- mobileElementsScenarios.AlertsInAppium -->
