<?xml version="1.0" encoding="UTF-8"?>
<!-- Generated by org.testng.reporters.JUnitReportReporter -->
<testsuite hostname="LAPTOP-5KMFOFH9" failures="0" tests="1" name="com.CRM.TestCase.LoginPageTestCase" time="1.049" errors="0" timestamp="2024-07-12T21:17:14 IST" skipped="0">
  <testcase classname="com.CRM.TestCase.LoginPageTestCase" name="validateLogin" time="1.049"/>
  <system-out/>
</testsuite> <!-- com.CRM.TestCase.LoginPageTestCase -->
