<?xml version="1.0" encoding="UTF-8"?>
<!-- Generated by org.testng.reporters.JUnitReportReporter -->
<testsuite hostname="LAPTOP-5KMFOFH9" failures="0" tests="1" name="driverSession.FirstDriverSession" time="14.814" errors="0" timestamp="2024-08-01T21:07:52 IST" skipped="0">
  <testcase classname="driverSession.FirstDriverSession" name="driverSessionTest" time="14.814"/>
  <system-out/>
</testsuite> <!-- driverSession.FirstDriverSession -->
