<?xml version="1.0" encoding="UTF-8"?>
<!-- Generated by org.testng.reporters.JUnitReportReporter -->
<testsuite hostname="LAPTOP-5KMFOFH9" failures="0" tests="1" name="appiumScenarios.Lock_Unlock_Rotate" time="14.566" errors="0" timestamp="2024-08-06T22:04:54 IST" skipped="0">
  <testcase classname="appiumScenarios.Lock_Unlock_Rotate" name="testDeviceFunctions" time="14.566"/>
  <system-out/>
</testsuite> <!-- appiumScenarios.Lock_Unlock_Rotate -->
