<?xml version="1.0" encoding="UTF-8"?>
<!-- Generated by org.testng.reporters.JUnitReportReporter -->
<testsuite hostname="LAPTOP-5KMFOFH9" failures="0" tests="3" name="httpBasicRequest.Create_Update_deleteSameUser" time="5.846" errors="0" timestamp="2024-07-26T21:36:10 IST" skipped="0">
  <testcase classname="httpBasicRequest.Create_Update_deleteSameUser" name="createUSer" time="3.791"/>
  <system-out/>
  <testcase classname="httpBasicRequest.Create_Update_deleteSameUser" name="updateSameUser" time="1.305"/>
  <system-out/>
  <testcase classname="httpBasicRequest.Create_Update_deleteSameUser" name="deleteSameUser" time="0.750"/>
  <system-out/>
</testsuite> <!-- httpBasicRequest.Create_Update_deleteSameUser -->
