<?xml version="1.0" encoding="UTF-8"?>
<!-- Generated by org.testng.reporters.JUnitReportReporter -->
<testsuite hostname="LAPTOP-5KMFOFH9" failures="0" tests="1" name="seleniumGrid.HeadLessTest" time="9.381" errors="0" timestamp="2024-07-18T21:01:00 IST" skipped="0">
  <testcase classname="seleniumGrid.HeadLessTest" name="f" time="9.381"/>
  <system-out/>
</testsuite> <!-- seleniumGrid.HeadLessTest -->
