<?xml version="1.0" encoding="UTF-8"?>
<!-- Generated by org.testng.reporters.JUnitReportReporter -->
<testsuite hostname="LAPTOP-5KMFOFH9" failures="0" tests="1" name="mobileElementsScenarios.SwipeGestures" time="16.163" errors="0" timestamp="2024-08-02T21:52:08 IST" skipped="0">
  <testcase classname="mobileElementsScenarios.SwipeGestures" name="testSwipe" time="16.163"/>
  <system-out/>
</testsuite> <!-- mobileElementsScenarios.SwipeGestures -->
