<?xml version="1.0" encoding="UTF-8"?>
<!-- Generated by org.testng.reporters.JUnitReportReporter -->
<testsuite hostname="LAPTOP-5KMFOFH9" failures="0" tests="1" name="mobileElementsScenarios.ClickGuesture" time="11.391" errors="0" timestamp="2024-08-02T20:56:02 IST" skipped="0">
  <testcase classname="mobileElementsScenarios.ClickGuesture" name="clickGestureTest" time="11.391"/>
  <system-out/>
</testsuite> <!-- mobileElementsScenarios.ClickGuesture -->
