<?xml version="1.0" encoding="UTF-8"?>
<!-- Generated by org.testng.reporters.JUnitReportReporter -->
<testsuite hostname="LAPTOP-5KMFOFH9" failures="0" tests="1" name="appiumScenarios.KeyboardActions" time="22.262" errors="0" timestamp="2024-08-06T20:40:07 IST" skipped="0">
  <testcase classname="appiumScenarios.KeyboardActions" name="testKeyboardAction" time="22.262"/>
  <system-out/>
</testsuite> <!-- appiumScenarios.KeyboardActions -->
