<?xml version="1.0" encoding="UTF-8"?>
<!-- Generated by org.testng.reporters.JUnitReportReporter -->
<testsuite hostname="LAPTOP-5KMFOFH9" failures="0" tests="1" name="driverSession.SessionWithUiAutomator2OptionsClass" time="10.260" errors="0" timestamp="2024-08-01T21:18:39 IST" skipped="0">
  <testcase classname="driverSession.SessionWithUiAutomator2OptionsClass" name="createDriverSession" time="10.260"/>
  <system-out/>
</testsuite> <!-- driverSession.SessionWithUiAutomator2OptionsClass -->
