<?xml version="1.0" encoding="UTF-8"?>
<!-- Generated by org.testng.reporters.JUnitReportReporter -->
<testsuite hostname="LAPTOP-5KMFOFH9" failures="0" tests="1" name="httpBasicRequest.POST_BDD" time="4.589" errors="0" timestamp="2024-07-26T20:57:50 IST" skipped="0">
  <testcase classname="httpBasicRequest.POST_BDD" name="testPojoResponse" time="4.589"/>
  <system-out/>
</testsuite> <!-- httpBasicRequest.POST_BDD -->
