<?xml version="1.0" encoding="UTF-8"?>
<!-- Generated by org.testng.reporters.JUnitReportReporter -->
<testsuite hostname="LAPTOP-5KMFOFH9" failures="0" tests="3" name="com.CRM.TestCase.HomePageTestCase" time="1.134" errors="0" timestamp="2024-07-17T21:44:22 IST" skipped="0">
  <testcase classname="com.CRM.TestCase.HomePageTestCase" name="verifyUrl" time="0.022"/>
  <system-out/>
  <testcase classname="com.CRM.TestCase.HomePageTestCase" name="verifyTitle" time="0.013"/>
  <system-out/>
  <testcase classname="com.CRM.TestCase.HomePageTestCase" name="validateSIgnInLink" time="1.099"/>
  <system-out/>
</testsuite> <!-- com.CRM.TestCase.HomePageTestCase -->
