<?xml version="1.0" encoding="UTF-8"?>
<!-- Generated by org.testng.reporters.JUnitReportReporter -->
<testsuite hostname="LAPTOP-5KMFOFH9" failures="0" tests="1" name="mobileElementsScenarios.DragGestureTest" time="15.229" errors="0" timestamp="2024-08-02T21:40:32 IST" skipped="0">
  <testcase classname="mobileElementsScenarios.DragGestureTest" name="testDragGesture" time="15.229"/>
  <system-out/>
</testsuite> <!-- mobileElementsScenarios.DragGestureTest -->
