<?xml version="1.0" encoding="UTF-8"?>
<!-- Generated by org.testng.reporters.JUnitReportReporter -->
<testsuite hostname="LAPTOP-5KMFOFH9" failures="0" tests="1" name="apiScenarios.Query_PathParameters" time="2.642" errors="0" timestamp="2024-07-26T21:48:37 IST" skipped="0">
  <testcase classname="apiScenarios.Query_PathParameters" name="path_QueryParam" time="2.642"/>
  <system-out/>
</testsuite> <!-- apiScenarios.Query_PathParameters -->
