<?xml version="1.0" encoding="UTF-8"?>
<!-- Generated by org.testng.reporters.JUnitReportReporter -->
<testsuite hostname="LAPTOP-5KMFOFH9" failures="0" tests="2" name="apiScenarios.HaderValidation" time="3.634" errors="0" timestamp="2024-07-26T22:10:02 IST" skipped="0">
  <testcase classname="apiScenarios.HaderValidation" name="getAllHeaders" time="2.722"/>
  <system-out/>
  <testcase classname="apiScenarios.HaderValidation" name="testHeaders" time="0.912"/>
  <system-out/>
</testsuite> <!-- apiScenarios.HaderValidation -->
