<?xml version="1.0" encoding="UTF-8"?>
<!-- Generated by org.testng.reporters.JUnitReportReporter -->
<testsuite hostname="LAPTOP-5KMFOFH9" failures="0" tests="1" name="appiumScenarios.NotificationTesting" time="11.949" errors="0" timestamp="2024-08-06T20:57:59 IST" skipped="0">
  <testcase classname="appiumScenarios.NotificationTesting" name="testNotificationsInAppium" time="11.949"/>
  <system-out/>
</testsuite> <!-- appiumScenarios.NotificationTesting -->
