<?xml version="1.0" encoding="UTF-8"?>
<!-- Generated by org.testng.reporters.JUnitReportReporter -->
<testsuite hostname="LAPTOP-5KMFOFH9" failures="0" tests="1" name="driverSession.DriverSessionWithAppPackageNameAppActivityName" time="11.312" errors="0" timestamp="2024-08-01T21:37:39 IST" skipped="0">
  <testcase classname="driverSession.DriverSessionWithAppPackageNameAppActivityName" name="createDriverSession" time="11.312"/>
  <system-out/>
</testsuite> <!-- driverSession.DriverSessionWithAppPackageNameAppActivityName -->
