<?xml version="1.0" encoding="UTF-8"?>
<!-- Generated by org.testng.reporters.JUnitReportReporter -->
<testsuite hostname="LAPTOP-5KMFOFH9" failures="0" tests="1" name="appiumScenarios.TestPerformanceParameterForDevice" time="11.939" errors="0" timestamp="2024-08-06T21:27:50 IST" skipped="0">
  <testcase classname="appiumScenarios.TestPerformanceParameterForDevice" name="deviceTest" time="11.939"/>
  <system-out/>
</testsuite> <!-- appiumScenarios.TestPerformanceParameterForDevice -->
