<?xml version="1.0" encoding="UTF-8"?>
<!-- Generated by org.testng.reporters.JUnitReportReporter -->
<testsuite hostname="LAPTOP-5KMFOFH9" failures="0" tests="1" name="appiumScenarios.WorkingWithApplictaion" time="32.226" errors="0" timestamp="2024-08-06T21:48:24 IST" skipped="0">
  <testcase classname="appiumScenarios.WorkingWithApplictaion" name="testApp" time="32.226"/>
  <system-out/>
</testsuite> <!-- appiumScenarios.WorkingWithApplictaion -->
